# JRE version: Java(TM) SE Runtime Environment (8.0_73-b02) (build 1.8.0_73-b02)
# Java VM: Java HotSpot(TM) 64-Bit Server VM (25.73-b02 mixed mode windows-amd64 compressed oops)
Heap:
 PSYoungGen      total 38400K, used 27536K [0x00000000d5c00000, 0x00000000d8680000, 0x0000000100000000)
  eden space 33280K, 67% used [0x00000000d5c00000,0x00000000d71eac20,0x00000000d7c80000)
  from space 5120K, 99% used [0x00000000d8180000,0x00000000d86794c0,0x00000000d8680000)
  to   space 5120K, 0% used [0x00000000d7c80000,0x00000000d7c80000,0x00000000d8180000)
 ParOldGen       total 125952K, used 56447K [0x0000000081400000, 0x0000000088f00000, 0x00000000d5c00000)
  object space 125952K, 44% used [0x0000000081400000,0x0000000084b1fd08,0x0000000088f00000)
 Metaspace       used 21463K, capacity 22478K, committed 22704K, reserved 1069056K
  class space    used 2906K, capacity 3125K, committed 3248K, reserved 1048576K
GC Heap History (10 events):
Event: 1.114 GC heap before
{Heap before GC invocations=1 (full 0):
 PSYoungGen      total 38400K, used 33280K [0x00000000d5c00000, 0x00000000d8680000, 0x0000000100000000)
  eden space 33280K, 100% used [0x00000000d5c00000,0x00000000d7c80000,0x00000000d7c80000)
  from space 5120K, 0% used [0x00000000d8180000,0x00000000d8180000,0x00000000d8680000)
  to   space 5120K, 0% used [0x00000000d7c80000,0x00000000d7c80000,0x00000000d8180000)
 ParOldGen       total 87552K, used 0K [0x0000000081400000, 0x0000000086980000, 0x00000000d5c00000)
  object space 87552K, 0% used [0x0000000081400000,0x0000000081400000,0x0000000086980000)
 Metaspace       used 16360K, capacity 16920K, committed 17024K, reserved 1064960K
  class space    used 2214K, capacity 2380K, committed 2432K, reserved 1048576K
Event: 1.123 GC heap after
Heap after GC invocations=1 (full 0):
 PSYoungGen      total 38400K, used 5097K [0x00000000d5c00000, 0x00000000d8680000, 0x0000000100000000)
  eden space 33280K, 0% used [0x00000000d5c00000,0x00000000d5c00000,0x00000000d7c80000)
  from space 5120K, 99% used [0x00000000d7c80000,0x00000000d817a400,0x00000000d8180000)
  to   space 5120K, 0% used [0x00000000d8180000,0x00000000d8180000,0x00000000d8680000)
 ParOldGen       total 87552K, used 917K [0x0000000081400000, 0x0000000086980000, 0x00000000d5c00000)
  object space 87552K, 1% used [0x0000000081400000,0x00000000814e57f0,0x0000000086980000)
 Metaspace       used 16360K, capacity 16920K, committed 17024K, reserved 1064960K
  class space    used 2214K, capacity 2380K, committed 2432K, reserved 1048576K
}
Event: 4.388 GC heap before
{Heap before GC invocations=2 (full 0):
 PSYoungGen      total 38400K, used 25841K [0x00000000d5c00000, 0x00000000d8680000, 0x0000000100000000)
  eden space 33280K, 62% used [0x00000000d5c00000,0x00000000d7042300,0x00000000d7c80000)
  from space 5120K, 99% used [0x00000000d7c80000,0x00000000d817a400,0x00000000d8180000)
  to   space 5120K, 0% used [0x00000000d8180000,0x00000000d8180000,0x00000000d8680000)
 ParOldGen       total 87552K, used 47418K [0x0000000081400000, 0x0000000086980000, 0x00000000d5c00000)
  object space 87552K, 54% used [0x0000000081400000,0x000000008424eb00,0x0000000086980000)
 Metaspace       used 20283K, capacity 21222K, committed 21296K, reserved 1067008K
  class space    used 2880K, capacity 3091K, committed 3120K, reserved 1048576K
Event: 4.397 GC heap after
Heap after GC invocations=2 (full 0):
 PSYoungGen      total 38400K, used 5092K [0x00000000d5c00000, 0x00000000d8680000, 0x0000000100000000)
  eden space 33280K, 0% used [0x00000000d5c00000,0x00000000d5c00000,0x00000000d7c80000)
  from space 5120K, 99% used [0x00000000d8180000,0x00000000d8679040,0x00000000d8680000)
  to   space 5120K, 0% used [0x00000000d7c80000,0x00000000d7c80000,0x00000000d8180000)
 ParOldGen       total 87552K, used 51183K [0x0000000081400000, 0x0000000086980000, 0x00000000d5c00000)
  object space 87552K, 58% used [0x0000000081400000,0x00000000845fbed0,0x0000000086980000)
 Metaspace       used 20283K, capacity 21222K, committed 21296K, reserved 1067008K
  class space    used 2880K, capacity 3091K, committed 3120K, reserved 1048576K
}
Event: 4.397 GC heap before
{Heap before GC invocations=3 (full 1):
 PSYoungGen      total 38400K, used 5092K [0x00000000d5c00000, 0x00000000d8680000, 0x0000000100000000)
  eden space 33280K, 0% used [0x00000000d5c00000,0x00000000d5c00000,0x00000000d7c80000)
  from space 5120K, 99% used [0x00000000d8180000,0x00000000d8679040,0x00000000d8680000)
  to   space 5120K, 0% used [0x00000000d7c80000,0x00000000d7c80000,0x00000000d8180000)
 ParOldGen       total 87552K, used 51183K [0x0000000081400000, 0x0000000086980000, 0x00000000d5c00000)
  object space 87552K, 58% used [0x0000000081400000,0x00000000845fbed0,0x0000000086980000)
 Metaspace       used 20283K, capacity 21222K, committed 21296K, reserved 1067008K
  class space    used 2880K, capacity 3091K, committed 3120K, reserved 1048576K
Event: 4.466 GC heap after
Heap after GC invocations=3 (full 1):
 PSYoungGen      total 38400K, used 0K [0x00000000d5c00000, 0x00000000d8680000, 0x0000000100000000)
  eden space 33280K, 0% used [0x00000000d5c00000,0x00000000d5c00000,0x00000000d7c80000)
  from space 5120K, 0% used [0x00000000d8180000,0x00000000d8180000,0x00000000d8680000)
  to   space 5120K, 0% used [0x00000000d7c80000,0x00000000d7c80000,0x00000000d8180000)
 ParOldGen       total 125952K, used 55658K [0x0000000081400000, 0x0000000088f00000, 0x00000000d5c00000)
  object space 125952K, 44% used [0x0000000081400000,0x0000000084a5a958,0x0000000088f00000)
 Metaspace       used 20283K, capacity 21222K, committed 21296K, reserved 1067008K
  class space    used 2880K, capacity 3091K, committed 3120K, reserved 1048576K
}
Event: 163.212 GC heap before
{Heap before GC invocations=4 (full 1):
 PSYoungGen      total 38400K, used 33280K [0x00000000d5c00000, 0x00000000d8680000, 0x0000000100000000)
  eden space 33280K, 100% used [0x00000000d5c00000,0x00000000d7c80000,0x00000000d7c80000)
  from space 5120K, 0% used [0x00000000d8180000,0x00000000d8180000,0x00000000d8680000)
  to   space 5120K, 0% used [0x00000000d7c80000,0x00000000d7c80000,0x00000000d8180000)
 ParOldGen       total 125952K, used 55658K [0x0000000081400000, 0x0000000088f00000, 0x00000000d5c00000)
  object space 125952K, 44% used [0x0000000081400000,0x0000000084a5a958,0x0000000088f00000)
 Metaspace       used 21172K, capacity 22158K, committed 22448K, reserved 1069056K
  class space    used 2904K, capacity 3125K, committed 3248K, reserved 1048576K
Event: 163.219 GC heap after
Heap after GC invocations=4 (full 1):
 PSYoungGen      total 38400K, used 5045K [0x00000000d5c00000, 0x00000000d8680000, 0x0000000100000000)
  eden space 33280K, 0% used [0x00000000d5c00000,0x00000000d5c00000,0x00000000d7c80000)
  from space 5120K, 98% used [0x00000000d7c80000,0x00000000d816d6f0,0x00000000d8180000)
  to   space 5120K, 0% used [0x00000000d8180000,0x00000000d8180000,0x00000000d8680000)
 ParOldGen       total 125952K, used 55666K [0x0000000081400000, 0x0000000088f00000, 0x00000000d5c00000)
  object space 125952K, 44% used [0x0000000081400000,0x0000000084a5c958,0x0000000088f00000)
 Metaspace       used 21172K, capacity 22158K, committed 22448K, reserved 1069056K
  class space    used 2904K, capacity 3125K, committed 3248K, reserved 1048576K
}
Event: 345.583 GC heap before
{Heap before GC invocations=5 (full 1):
 PSYoungGen      total 38400K, used 38325K [0x00000000d5c00000, 0x00000000d8680000, 0x0000000100000000)
  eden space 33280K, 100% used [0x00000000d5c00000,0x00000000d7c80000,0x00000000d7c80000)
  from space 5120K, 98% used [0x00000000d7c80000,0x00000000d816d6f0,0x00000000d8180000)
  to   space 5120K, 0% used [0x00000000d8180000,0x00000000d8180000,0x00000000d8680000)
 ParOldGen       total 125952K, used 55666K [0x0000000081400000, 0x0000000088f00000, 0x00000000d5c00000)
  object space 125952K, 44% used [0x0000000081400000,0x0000000084a5c958,0x0000000088f00000)
 Metaspace       used 21402K, capacity 22414K, committed 22704K, reserved 1069056K
  class space    used 2905K, capacity 3125K, committed 3248K, reserved 1048576K
Event: 345.590 GC heap after
Heap after GC invocations=5 (full 1):
 PSYoungGen      total 38400K, used 5093K [0x00000000d5c00000, 0x00000000d8680000, 0x0000000100000000)
  eden space 33280K, 0% used [0x00000000d5c00000,0x00000000d5c00000,0x00000000d7c80000)
  from space 5120K, 99% used [0x00000000d8180000,0x00000000d86794c0,0x00000000d8680000)
  to   space 5120K, 0% used [0x00000000d7c80000,0x00000000d7c80000,0x00000000d8180000)
 ParOldGen       total 125952K, used 56447K [0x0000000081400000, 0x0000000088f00000, 0x00000000d5c00000)
  object space 125952K, 44% used [0x0000000081400000,0x0000000084b1fd08,0x0000000088f00000)
 Metaspace       used 21402K, capacity 22414K, committed 22704K, reserved 1069056K
  class space    used 2905K, capacity 3125K, committed 3248K, reserved 1048576K
}

